<?xml version="1.0" encoding="UTF-8"?>
<testng-results ignored="0" total="3" passed="3" failed="0" skipped="0">
  <reporter-output>
  </reporter-output>
  <suite started-at="2023-11-02T21:54:41 EDT" name="Default suite" finished-at="2023-11-02T21:55:05 EDT" duration-ms="24018">
    <groups>
      <group name="cucumber">
        <method signature="AbstractTestNGCucumberTests.runScenario(io.cucumber.testng.PickleWrapper,io.cucumber.testng.FeatureWrapper)[pri:0, instance:testRunner.Runner@bcec361]" name="runScenario" class="io.cucumber.testng.AbstractTestNGCucumberTests"/>
      </group> <!-- cucumber -->
    </groups>
    <test started-at="2023-11-02T21:54:41 EDT" name="Default test" finished-at="2023-11-02T21:55:05 EDT" duration-ms="24018">
      <class name="testRunner.Runner">
        <test-method is-config="true" signature="setUpClass(org.testng.ITestContext)[pri:0, instance:testRunner.Runner@bcec361]" started-at="2023-11-02T21:54:41 EDT" name="setUpClass" finished-at="2023-11-02T21:54:42 EDT" duration-ms="943" status="PASS">
          <params>
            <param index="0">
              <value>
                <![CDATA[org.testng.TestRunner@19002b34]]>
              </value>
            </param>
          </params>
          <reporter-output>
          </reporter-output>
        </test-method> <!-- setUpClass -->
        <test-method signature="runScenario(io.cucumber.testng.PickleWrapper,io.cucumber.testng.FeatureWrapper)[pri:0, instance:testRunner.Runner@bcec361]" started-at="2023-11-02T21:54:42 EDT" name="runScenario" description="Runs Cucumber Scenarios" data-provider="scenarios" finished-at="2023-11-02T21:54:49 EDT" duration-ms="6702" status="PASS">
          <params>
            <param index="0">
              <value>
                <![CDATA["login the application with data table"]]>
              </value>
            </param>
            <param index="1">
              <value>
                <![CDATA["login to The application"]]>
              </value>
            </param>
          </params>
          <reporter-output>
          </reporter-output>
        </test-method> <!-- runScenario -->
        <test-method signature="runScenario(io.cucumber.testng.PickleWrapper,io.cucumber.testng.FeatureWrapper)[pri:0, instance:testRunner.Runner@bcec361]" started-at="2023-11-02T21:54:49 EDT" name="runScenario" description="Runs Cucumber Scenarios" data-provider="scenarios" finished-at="2023-11-02T21:54:54 EDT" duration-ms="5160" status="PASS">
          <params>
            <param index="0">
              <value>
                <![CDATA["login the application with data table"]]>
              </value>
            </param>
            <param index="1">
              <value>
                <![CDATA["login to The application"]]>
              </value>
            </param>
          </params>
          <reporter-output>
          </reporter-output>
        </test-method> <!-- runScenario -->
        <test-method signature="runScenario(io.cucumber.testng.PickleWrapper,io.cucumber.testng.FeatureWrapper)[pri:0, instance:testRunner.Runner@bcec361]" started-at="2023-11-02T21:54:54 EDT" name="runScenario" description="Runs Cucumber Scenarios" data-provider="scenarios" finished-at="2023-11-02T21:54:59 EDT" duration-ms="4943" status="PASS">
          <params>
            <param index="0">
              <value>
                <![CDATA["login the application with data table"]]>
              </value>
            </param>
            <param index="1">
              <value>
                <![CDATA["login to The application"]]>
              </value>
            </param>
          </params>
          <reporter-output>
          </reporter-output>
        </test-method> <!-- runScenario -->
        <test-method is-config="true" signature="tearDownClass()[pri:0, instance:testRunner.Runner@bcec361]" started-at="2023-11-02T21:54:59 EDT" name="tearDownClass" finished-at="2023-11-02T21:55:05 EDT" duration-ms="6182" status="PASS">
          <reporter-output>
          </reporter-output>
        </test-method> <!-- tearDownClass -->
      </class> <!-- testRunner.Runner -->
    </test> <!-- Default test -->
  </suite> <!-- Default suite -->
</testng-results>
